<?xml version="1.0" encoding="UTF-8"?>
<!-- Generated by org.testng.reporters.JUnitReportReporter -->
<testsuite hostname="IN-PF42S2SA" failures="0" tests="2" name="dotfoods.com.test.OrderFormTest" time="28.633" errors="0" timestamp="2024-07-17T15:28:49 IST" skipped="0">
  <testcase classname="dotfoods.com.test.OrderFormTest" name="verifyCartPageProducts" time="0.166"/>
  <testcase classname="dotfoods.com.test.OrderFormTest" name="orderForm" time="28.467"/>
</testsuite> <!-- dotfoods.com.test.OrderFormTest -->
