<?xml version="1.0" encoding="UTF-8"?>
<!-- Generated by org.testng.reporters.JUnitReportReporter -->
<testsuite hostname="IN-PF42S2SA" failures="0" tests="2" name="dotfoods.com.test.MyListTest" time="245.462" errors="0" timestamp="2024-07-22T11:39:41 IST" skipped="0">
  <testcase classname="dotfoods.com.test.MyListTest" name="addToList" time="230.537"/>
  <testcase classname="dotfoods.com.test.MyListTest" name="myListProductVerification" time="14.925"/>
</testsuite> <!-- dotfoods.com.test.MyListTest -->
