<?xml version="1.0" encoding="UTF-8"?>
<!-- Generated by org.testng.reporters.JUnitReportReporter -->
<testsuite hostname="IN-PF42S2SA" failures="0" tests="2" name="cucumber.TestNGTestRunner" time="72.796" errors="0" timestamp="2024-07-26T11:11:06 IST" skipped="0">
  <testcase classname="cucumber.TestNGTestRunner" name="runScenario" time="46.867"/>
  <testcase classname="cucumber.TestNGTestRunner" name="runScenario" time="25.929"/>
</testsuite> <!-- cucumber.TestNGTestRunner -->
