<?xml version="1.0" encoding="UTF-8"?>
<!-- Generated by org.testng.reporters.JUnitReportReporter -->
<testsuite hostname="IN-PF42S2SA" failures="0" tests="1" name="dotfoods.com.test.Test" time="55.746" errors="0" timestamp="2024-06-25T15:27:21 IST" skipped="0">
  <testcase classname="dotfoods.com.test.Test" name="orderPlacement" time="55.746"/>
</testsuite> <!-- dotfoods.com.test.Test -->
