<?xml version="1.0" encoding="UTF-8"?>
<!-- Generated by org.testng.reporters.JUnitReportReporter -->
<testsuite hostname="IN-PF42S2SA" failures="0" tests="3" name="dotfoods.com.test.CreateCartTest" time="51.502" errors="0" timestamp="2024-07-17T15:24:01 IST" skipped="0">
  <testcase classname="dotfoods.com.test.CreateCartTest" name="createCart" time="41.340"/>
  <testcase classname="dotfoods.com.test.CreateCartTest" name="verifyStatusOfCreatedCart" time="0.106"/>
  <testcase classname="dotfoods.com.test.CreateCartTest" name="verifyCreatedCart" time="10.056"/>
</testsuite> <!-- dotfoods.com.test.CreateCartTest -->
