<?xml version="1.0" encoding="UTF-8"?>
<!-- Generated by org.testng.reporters.JUnitReportReporter -->
<testsuite hostname="IN-PF42S2SA" failures="0" tests="1" name="dotfoods.com.test.BaseTest" time="6.714" errors="0" timestamp="2024-06-21T14:19:27 IST" skipped="0">
  <testcase classname="dotfoods.com.test.BaseTest" name="launchApllication" time="6.714"/>
</testsuite> <!-- dotfoods.com.test.BaseTest -->
