<?xml version="1.0" encoding="UTF-8"?>
<!-- Generated by org.testng.reporters.JUnitReportReporter -->
<testsuite hostname="IN-PF42S2SA" failures="0" tests="2" name="cucumber.TestNGTestRunner" time="100.138" errors="0" timestamp="2024-07-17T15:42:29 IST" skipped="0">
  <testcase classname="cucumber.TestNGTestRunner" name="runScenario" time="59.653"/>
  <testcase classname="cucumber.TestNGTestRunner" name="runScenario" time="40.485"/>
</testsuite> <!-- cucumber.TestNGTestRunner -->
