<?xml version="1.0" encoding="UTF-8"?>
<!-- Generated by org.testng.reporters.JUnitReportReporter -->
<testsuite hostname="IN-PF42S2SA" failures="0" tests="1" name="dotfoods.com.test.FooterLinkTest" time="51.885" errors="0" timestamp="2024-07-17T15:24:01 IST" skipped="0">
  <testcase classname="dotfoods.com.test.FooterLinkTest" name="verifyBrokenLink" time="51.885"/>
</testsuite> <!-- dotfoods.com.test.FooterLinkTest -->
