<?xml version="1.0" encoding="UTF-8"?>
<!-- Generated by org.testng.reporters.JUnitReportReporter -->
<testsuite hostname="IN-PF42S2SA" failures="0" tests="3" name="dotfoods.com.test.CreateCartTest" time="33.626" errors="0" timestamp="2024-07-26T12:45:52 IST" skipped="0">
  <testcase classname="dotfoods.com.test.CreateCartTest" name="verifyCreatedCart" time="7.107"/>
  <testcase classname="dotfoods.com.test.CreateCartTest" name="verifyStatusOfCreatedCart" time="0.057"/>
  <testcase classname="dotfoods.com.test.CreateCartTest" name="createCart" time="26.462"/>
</testsuite> <!-- dotfoods.com.test.CreateCartTest -->
