<?xml version="1.0" encoding="UTF-8"?>
<!-- Generated by org.testng.reporters.JUnitReportReporter -->
<testsuite hostname="IN-PF42S2SA" failures="0" tests="2" name="dotfoods.com.test.OrderFormTest" time="45.797" errors="0" timestamp="2024-07-26T12:45:52 IST" skipped="0">
  <testcase classname="dotfoods.com.test.OrderFormTest" name="verifyCartPageProducts" time="1.903"/>
  <testcase classname="dotfoods.com.test.OrderFormTest" name="orderForm" time="43.894"/>
</testsuite> <!-- dotfoods.com.test.OrderFormTest -->
