<?xml version="1.0" encoding="UTF-8"?>
<!-- Generated by org.testng.reporters.JUnitReportReporter -->
<testsuite hostname="IN-PF42S2SA" failures="0" tests="2" name="dotfoods.com.test.MyListTest" time="47.691" errors="0" timestamp="2024-07-26T12:45:52 IST" skipped="0">
  <testcase classname="dotfoods.com.test.MyListTest" name="addToList" time="36.635"/>
  <testcase classname="dotfoods.com.test.MyListTest" name="myListProductVerification" time="11.056"/>
</testsuite> <!-- dotfoods.com.test.MyListTest -->
