<?xml version="1.0" encoding="UTF-8"?>
<!-- Generated by org.testng.reporters.JUnitReportReporter -->
<testsuite hostname="IN-PF42S2SA" failures="0" tests="1" name="dotfoods.com.test.OrderPlacementTest" time="82.152" errors="0" timestamp="2024-07-26T12:45:52 IST" skipped="0">
  <testcase classname="dotfoods.com.test.OrderPlacementTest" name="orderPlacementThroughJson" time="82.152"/>
</testsuite> <!-- dotfoods.com.test.OrderPlacementTest -->
